<?xml version="1.0" encoding="UTF-8"?>
<!-- Generated by org.testng.reporters.JUnitReportReporter -->
<testsuite skipped="2" hostname="DESKTOP-D6FQT73" name="org.testNGsample.SuiteSample2" tests="10" failures="0" timestamp="18 Jul 2023 08:09:56 GMT" time="0.053" errors="0">
  <testcase name="tc7" time="0.006" classname="org.testNGsample.SuiteSample2"/>
  <testcase name="tc7" time="0.011" classname="org.testNGsample.SuiteSample2"/>
  <testcase name="tc5" time="0.013" classname="org.testNGsample.SuiteSample2"/>
  <testcase name="tc5" time="0.005" classname="org.testNGsample.SuiteSample2"/>
  <testcase name="tc5" time="0.005" classname="org.testNGsample.SuiteSample2"/>
  <testcase name="tc5" time="0.005" classname="org.testNGsample.SuiteSample2"/>
  <testcase name="tc5" time="0.004" classname="org.testNGsample.SuiteSample2"/>
  <testcase name="tc5" time="0.004" classname="org.testNGsample.SuiteSample2"/>
  <testcase name="tc6" classname="org.testNGsample.SuiteSample2">
    <skipped/>
  </testcase> <!-- tc6 -->
  <testcase name="tc6" classname="org.testNGsample.SuiteSample2">
    <skipped/>
  </testcase> <!-- tc6 -->
</testsuite> <!-- org.testNGsample.SuiteSample2 -->
