<?xml version="1.0" encoding="UTF-8"?>
<!-- Generated by org.testng.reporters.JUnitReportReporter -->
<testsuite skipped="0" hostname="DESKTOP-D6FQT73" name="org.baseClass.Sample" tests="2" failures="0" timestamp="15 Jul 2023 06:57:42 GMT" time="2.308" errors="0">
  <testcase name="loginPage" time="1.824" classname="org.baseClass.Sample"/>
  <testcase name="searchHotel" time="0.484" classname="org.baseClass.Sample"/>
</testsuite> <!-- org.baseClass.Sample -->
