<?xml version="1.0" encoding="UTF-8"?>
<!-- Generated by org.testng.reporters.JUnitReportReporter -->
<testsuite skipped="0" hostname="DESKTOP-D6FQT73" name="org.testNGsample.SampleTestNG" tests="1" failures="0" timestamp="11 Jul 2023 08:06:20 GMT" time="2.208" errors="0">
  <testcase name="tc05" time="2.208" classname="org.testNGsample.SampleTestNG"/>
</testsuite> <!-- org.testNGsample.SampleTestNG -->
